2025-12-28 05:38:48 - web_scraper - INFO - ProductMatcher initialized with threshold: 0.75
2025-12-28 05:38:48 - web_scraper - INFO - Matched 6 products into 3 groups
2025-12-28 05:38:48 - web_scraper - INFO - ProductMatcher initialized with threshold: 0.75
2025-12-28 05:38:48 - web_scraper - INFO - ComparisonEngine initialized
2025-12-28 05:38:48 - web_scraper - INFO - Matched 6 products into 3 groups
2025-12-28 05:38:48 - web_scraper - INFO - Created 3 product comparisons
2025-12-28 05:45:45 - web_scraper - INFO - ProductMatcher initialized with threshold: 0.75
2025-12-28 05:45:45 - web_scraper - INFO - ProductMatcher initialized with threshold: 0.75
2025-12-28 05:45:45 - web_scraper - INFO - ComparisonEngine initialized
2025-12-28 05:45:45 - web_scraper - INFO - Matched 4 products into 2 groups
2025-12-28 05:45:45 - web_scraper - INFO - Created 2 product comparisons
2025-12-28 05:45:56 - web_scraper - INFO - ProductMatcher initialized with threshold: 0.75
2025-12-28 05:45:56 - web_scraper - INFO - ProductMatcher initialized with threshold: 0.75
2025-12-28 05:45:56 - web_scraper - INFO - ComparisonEngine initialized
2025-12-28 05:45:56 - web_scraper - INFO - Matched 4 products into 2 groups
2025-12-28 05:45:56 - web_scraper - INFO - Created 2 product comparisons
2025-12-28 05:45:56 - web_scraper - INFO - Initialized scraper with query: 'HP Pavilion laptop', max_results: 5
2025-12-28 05:45:56 - web_scraper - INFO - Initialized AmazonScraper for query: 'HP Pavilion laptop'
2025-12-28 05:45:56 - web_scraper - INFO - ============================================================
2025-12-28 05:45:56 - web_scraper - INFO - Starting scrape for query: 'HP Pavilion laptop'
2025-12-28 05:45:56 - web_scraper - INFO - Maximum results: 5
2025-12-28 05:45:56 - web_scraper - INFO - ============================================================
2025-12-28 05:45:56 - web_scraper - DEBUG - Built search URL: https://www.amazon.in/s?k=HP+Pavilion+laptop
2025-12-28 05:45:56 - web_scraper - INFO - Search URL: https://www.amazon.in/s?k=HP+Pavilion+laptop
2025-12-28 05:45:56 - web_scraper - INFO - Fetching URL (attempt 1/3): https://www.amazon.in/s?k=HP+Pavilion+laptop
2025-12-28 05:45:56 - web_scraper - INFO - Using webdriver-manager for ChromeDriver
2025-12-28 05:45:58 - web_scraper - ERROR - Failed to setup WebDriver: Message: unknown error: cannot find Chrome binary
Stacktrace:
#0 0x55ea660d84e3 <unknown>
#1 0x55ea65e07c76 <unknown>
#2 0x55ea65e2e757 <unknown>
#3 0x55ea65e2d029 <unknown>
#4 0x55ea65e6bccc <unknown>
#5 0x55ea65e6b47f <unknown>
#6 0x55ea65e62de3 <unknown>
#7 0x55ea65e382dd <unknown>
#8 0x55ea65e3934e <unknown>
#9 0x55ea660983e4 <unknown>
#10 0x55ea6609c3d7 <unknown>
#11 0x55ea660a6b20 <unknown>
#12 0x55ea6609d023 <unknown>
#13 0x55ea6606b1aa <unknown>
#14 0x55ea660c16b8 <unknown>
#15 0x55ea660c1847 <unknown>
#16 0x55ea660d1243 <unknown>
#17 0x7fceea09698b <unknown>
#18 0x7fceea11a9cc <unknown>
Traceback (most recent call last):
  File "/home/arth-linux/Desktop/My Code/Web_Scrapper/src/scrapers/base_scraper.py", line 150, in _setup_driver
    driver = webdriver.Chrome(service=service, options=chrome_options)
  File "/home/arth-linux/Desktop/My Code/Web_Scrapper/venv/lib/python3.13/site-packages/selenium/webdriver/chrome/webdriver.py", line 46, in __init__
    super().__init__(
    ~~~~~~~~~~~~~~~~^
        browser_name=DesiredCapabilities.CHROME["browserName"],
        ^^^^^^^^^^^^^^^^^^^^^^^^^^^^^^^^^^^^^^^^^^^^^^^^^^^^^^^
    ...<3 lines>...
        keep_alive=keep_alive,
        ^^^^^^^^^^^^^^^^^^^^^^
    )
    ^
  File "/home/arth-linux/Desktop/My Code/Web_Scrapper/venv/lib/python3.13/site-packages/selenium/webdriver/chromium/webdriver.py", line 67, in __init__
    super().__init__(command_executor=executor, options=options)
    ~~~~~~~~~~~~~~~~^^^^^^^^^^^^^^^^^^^^^^^^^^^^^^^^^^^^^^^^^^^^
  File "/home/arth-linux/Desktop/My Code/Web_Scrapper/venv/lib/python3.13/site-packages/selenium/webdriver/remote/webdriver.py", line 257, in __init__
    self.start_session(capabilities)
    ~~~~~~~~~~~~~~~~~~^^^^^^^^^^^^^^
  File "/home/arth-linux/Desktop/My Code/Web_Scrapper/venv/lib/python3.13/site-packages/selenium/webdriver/remote/webdriver.py", line 352, in start_session
    response = self.execute(Command.NEW_SESSION, caps)["value"]
               ~~~~~~~~~~~~^^^^^^^^^^^^^^^^^^^^^^^^^^^
  File "/home/arth-linux/Desktop/My Code/Web_Scrapper/venv/lib/python3.13/site-packages/selenium/webdriver/remote/webdriver.py", line 432, in execute
    self.error_handler.check_response(response)
    ~~~~~~~~~~~~~~~~~~~~~~~~~~~~~~~~~^^^^^^^^^^
  File "/home/arth-linux/Desktop/My Code/Web_Scrapper/venv/lib/python3.13/site-packages/selenium/webdriver/remote/errorhandler.py", line 232, in check_response
    raise exception_class(message, screen, stacktrace)
selenium.common.exceptions.WebDriverException: Message: unknown error: cannot find Chrome binary
Stacktrace:
#0 0x55ea660d84e3 <unknown>
#1 0x55ea65e07c76 <unknown>
#2 0x55ea65e2e757 <unknown>
#3 0x55ea65e2d029 <unknown>
#4 0x55ea65e6bccc <unknown>
#5 0x55ea65e6b47f <unknown>
#6 0x55ea65e62de3 <unknown>
#7 0x55ea65e382dd <unknown>
#8 0x55ea65e3934e <unknown>
#9 0x55ea660983e4 <unknown>
#10 0x55ea6609c3d7 <unknown>
#11 0x55ea660a6b20 <unknown>
#12 0x55ea6609d023 <unknown>
#13 0x55ea6606b1aa <unknown>
#14 0x55ea660c16b8 <unknown>
#15 0x55ea660c1847 <unknown>
#16 0x55ea660d1243 <unknown>
#17 0x7fceea09698b <unknown>
#18 0x7fceea11a9cc <unknown>

2025-12-28 05:45:58 - web_scraper - ERROR - Unexpected error on attempt 1/3: Message: WebDriver setup failed: Message: unknown error: cannot find Chrome binary
Stacktrace:
#0 0x55ea660d84e3 <unknown>
#1 0x55ea65e07c76 <unknown>
#2 0x55ea65e2e757 <unknown>
#3 0x55ea65e2d029 <unknown>
#4 0x55ea65e6bccc <unknown>
#5 0x55ea65e6b47f <unknown>
#6 0x55ea65e62de3 <unknown>
#7 0x55ea65e382dd <unknown>
#8 0x55ea65e3934e <unknown>
#9 0x55ea660983e4 <unknown>
#10 0x55ea6609c3d7 <unknown>
#11 0x55ea660a6b20 <unknown>
#12 0x55ea6609d023 <unknown>
#13 0x55ea6606b1aa <unknown>
#14 0x55ea660c16b8 <unknown>
#15 0x55ea660c1847 <unknown>
#16 0x55ea660d1243 <unknown>
#17 0x7fceea09698b <unknown>
#18 0x7fceea11a9cc <unknown>

Traceback (most recent call last):
  File "/home/arth-linux/Desktop/My Code/Web_Scrapper/src/scrapers/base_scraper.py", line 150, in _setup_driver
    driver = webdriver.Chrome(service=service, options=chrome_options)
  File "/home/arth-linux/Desktop/My Code/Web_Scrapper/venv/lib/python3.13/site-packages/selenium/webdriver/chrome/webdriver.py", line 46, in __init__
    super().__init__(
    ~~~~~~~~~~~~~~~~^
        browser_name=DesiredCapabilities.CHROME["browserName"],
        ^^^^^^^^^^^^^^^^^^^^^^^^^^^^^^^^^^^^^^^^^^^^^^^^^^^^^^^
    ...<3 lines>...
        keep_alive=keep_alive,
        ^^^^^^^^^^^^^^^^^^^^^^
    )
    ^
  File "/home/arth-linux/Desktop/My Code/Web_Scrapper/venv/lib/python3.13/site-packages/selenium/webdriver/chromium/webdriver.py", line 67, in __init__
    super().__init__(command_executor=executor, options=options)
    ~~~~~~~~~~~~~~~~^^^^^^^^^^^^^^^^^^^^^^^^^^^^^^^^^^^^^^^^^^^^
  File "/home/arth-linux/Desktop/My Code/Web_Scrapper/venv/lib/python3.13/site-packages/selenium/webdriver/remote/webdriver.py", line 257, in __init__
    self.start_session(capabilities)
    ~~~~~~~~~~~~~~~~~~^^^^^^^^^^^^^^
  File "/home/arth-linux/Desktop/My Code/Web_Scrapper/venv/lib/python3.13/site-packages/selenium/webdriver/remote/webdriver.py", line 352, in start_session
    response = self.execute(Command.NEW_SESSION, caps)["value"]
               ~~~~~~~~~~~~^^^^^^^^^^^^^^^^^^^^^^^^^^^
  File "/home/arth-linux/Desktop/My Code/Web_Scrapper/venv/lib/python3.13/site-packages/selenium/webdriver/remote/webdriver.py", line 432, in execute
    self.error_handler.check_response(response)
    ~~~~~~~~~~~~~~~~~~~~~~~~~~~~~~~~~^^^^^^^^^^
  File "/home/arth-linux/Desktop/My Code/Web_Scrapper/venv/lib/python3.13/site-packages/selenium/webdriver/remote/errorhandler.py", line 232, in check_response
    raise exception_class(message, screen, stacktrace)
selenium.common.exceptions.WebDriverException: Message: unknown error: cannot find Chrome binary
Stacktrace:
#0 0x55ea660d84e3 <unknown>
#1 0x55ea65e07c76 <unknown>
#2 0x55ea65e2e757 <unknown>
#3 0x55ea65e2d029 <unknown>
#4 0x55ea65e6bccc <unknown>
#5 0x55ea65e6b47f <unknown>
#6 0x55ea65e62de3 <unknown>
#7 0x55ea65e382dd <unknown>
#8 0x55ea65e3934e <unknown>
#9 0x55ea660983e4 <unknown>
#10 0x55ea6609c3d7 <unknown>
#11 0x55ea660a6b20 <unknown>
#12 0x55ea6609d023 <unknown>
#13 0x55ea6606b1aa <unknown>
#14 0x55ea660c16b8 <unknown>
#15 0x55ea660c1847 <unknown>
#16 0x55ea660d1243 <unknown>
#17 0x7fceea09698b <unknown>
#18 0x7fceea11a9cc <unknown>


The above exception was the direct cause of the following exception:

Traceback (most recent call last):
  File "/home/arth-linux/Desktop/My Code/Web_Scrapper/src/scrapers/base_scraper.py", line 208, in fetch_page
    self.driver = self._setup_driver()
                  ~~~~~~~~~~~~~~~~~~^^
  File "/home/arth-linux/Desktop/My Code/Web_Scrapper/src/scrapers/base_scraper.py", line 163, in _setup_driver
    raise WebDriverException(f"WebDriver setup failed: {e}") from e
selenium.common.exceptions.WebDriverException: Message: WebDriver setup failed: Message: unknown error: cannot find Chrome binary
Stacktrace:
#0 0x55ea660d84e3 <unknown>
#1 0x55ea65e07c76 <unknown>
#2 0x55ea65e2e757 <unknown>
#3 0x55ea65e2d029 <unknown>
#4 0x55ea65e6bccc <unknown>
#5 0x55ea65e6b47f <unknown>
#6 0x55ea65e62de3 <unknown>
#7 0x55ea65e382dd <unknown>
#8 0x55ea65e3934e <unknown>
#9 0x55ea660983e4 <unknown>
#10 0x55ea6609c3d7 <unknown>
#11 0x55ea660a6b20 <unknown>
#12 0x55ea6609d023 <unknown>
#13 0x55ea6606b1aa <unknown>
#14 0x55ea660c16b8 <unknown>
#15 0x55ea660c1847 <unknown>
#16 0x55ea660d1243 <unknown>
#17 0x7fceea09698b <unknown>
#18 0x7fceea11a9cc <unknown>


2025-12-28 05:46:00 - web_scraper - INFO - Fetching URL (attempt 2/3): https://www.amazon.in/s?k=HP+Pavilion+laptop
2025-12-28 05:46:00 - web_scraper - INFO - Using webdriver-manager for ChromeDriver
2025-12-28 05:46:03 - web_scraper - ERROR - Failed to setup WebDriver: Message: unknown error: cannot find Chrome binary
Stacktrace:
#0 0x557b52acf4e3 <unknown>
#1 0x557b527fec76 <unknown>
#2 0x557b52825757 <unknown>
#3 0x557b52824029 <unknown>
#4 0x557b52862ccc <unknown>
#5 0x557b5286247f <unknown>
#6 0x557b52859de3 <unknown>
#7 0x557b5282f2dd <unknown>
#8 0x557b5283034e <unknown>
#9 0x557b52a8f3e4 <unknown>
#10 0x557b52a933d7 <unknown>
#11 0x557b52a9db20 <unknown>
#12 0x557b52a94023 <unknown>
#13 0x557b52a621aa <unknown>
#14 0x557b52ab86b8 <unknown>
#15 0x557b52ab8847 <unknown>
#16 0x557b52ac8243 <unknown>
#17 0x7f817b29698b <unknown>
#18 0x7f817b31a9cc <unknown>
Traceback (most recent call last):
  File "/home/arth-linux/Desktop/My Code/Web_Scrapper/src/scrapers/base_scraper.py", line 150, in _setup_driver
    driver = webdriver.Chrome(service=service, options=chrome_options)
  File "/home/arth-linux/Desktop/My Code/Web_Scrapper/venv/lib/python3.13/site-packages/selenium/webdriver/chrome/webdriver.py", line 46, in __init__
    super().__init__(
    ~~~~~~~~~~~~~~~~^
        browser_name=DesiredCapabilities.CHROME["browserName"],
        ^^^^^^^^^^^^^^^^^^^^^^^^^^^^^^^^^^^^^^^^^^^^^^^^^^^^^^^
    ...<3 lines>...
        keep_alive=keep_alive,
        ^^^^^^^^^^^^^^^^^^^^^^
    )
    ^
  File "/home/arth-linux/Desktop/My Code/Web_Scrapper/venv/lib/python3.13/site-packages/selenium/webdriver/chromium/webdriver.py", line 67, in __init__
    super().__init__(command_executor=executor, options=options)
    ~~~~~~~~~~~~~~~~^^^^^^^^^^^^^^^^^^^^^^^^^^^^^^^^^^^^^^^^^^^^
  File "/home/arth-linux/Desktop/My Code/Web_Scrapper/venv/lib/python3.13/site-packages/selenium/webdriver/remote/webdriver.py", line 257, in __init__
    self.start_session(capabilities)
    ~~~~~~~~~~~~~~~~~~^^^^^^^^^^^^^^
  File "/home/arth-linux/Desktop/My Code/Web_Scrapper/venv/lib/python3.13/site-packages/selenium/webdriver/remote/webdriver.py", line 352, in start_session
    response = self.execute(Command.NEW_SESSION, caps)["value"]
               ~~~~~~~~~~~~^^^^^^^^^^^^^^^^^^^^^^^^^^^
  File "/home/arth-linux/Desktop/My Code/Web_Scrapper/venv/lib/python3.13/site-packages/selenium/webdriver/remote/webdriver.py", line 432, in execute
    self.error_handler.check_response(response)
    ~~~~~~~~~~~~~~~~~~~~~~~~~~~~~~~~~^^^^^^^^^^
  File "/home/arth-linux/Desktop/My Code/Web_Scrapper/venv/lib/python3.13/site-packages/selenium/webdriver/remote/errorhandler.py", line 232, in check_response
    raise exception_class(message, screen, stacktrace)
selenium.common.exceptions.WebDriverException: Message: unknown error: cannot find Chrome binary
Stacktrace:
#0 0x557b52acf4e3 <unknown>
#1 0x557b527fec76 <unknown>
#2 0x557b52825757 <unknown>
#3 0x557b52824029 <unknown>
#4 0x557b52862ccc <unknown>
#5 0x557b5286247f <unknown>
#6 0x557b52859de3 <unknown>
#7 0x557b5282f2dd <unknown>
#8 0x557b5283034e <unknown>
#9 0x557b52a8f3e4 <unknown>
#10 0x557b52a933d7 <unknown>
#11 0x557b52a9db20 <unknown>
#12 0x557b52a94023 <unknown>
#13 0x557b52a621aa <unknown>
#14 0x557b52ab86b8 <unknown>
#15 0x557b52ab8847 <unknown>
#16 0x557b52ac8243 <unknown>
#17 0x7f817b29698b <unknown>
#18 0x7f817b31a9cc <unknown>

2025-12-28 05:46:03 - web_scraper - ERROR - Unexpected error on attempt 2/3: Message: WebDriver setup failed: Message: unknown error: cannot find Chrome binary
Stacktrace:
#0 0x557b52acf4e3 <unknown>
#1 0x557b527fec76 <unknown>
#2 0x557b52825757 <unknown>
#3 0x557b52824029 <unknown>
#4 0x557b52862ccc <unknown>
#5 0x557b5286247f <unknown>
#6 0x557b52859de3 <unknown>
#7 0x557b5282f2dd <unknown>
#8 0x557b5283034e <unknown>
#9 0x557b52a8f3e4 <unknown>
#10 0x557b52a933d7 <unknown>
#11 0x557b52a9db20 <unknown>
#12 0x557b52a94023 <unknown>
#13 0x557b52a621aa <unknown>
#14 0x557b52ab86b8 <unknown>
#15 0x557b52ab8847 <unknown>
#16 0x557b52ac8243 <unknown>
#17 0x7f817b29698b <unknown>
#18 0x7f817b31a9cc <unknown>

Traceback (most recent call last):
  File "/home/arth-linux/Desktop/My Code/Web_Scrapper/src/scrapers/base_scraper.py", line 150, in _setup_driver
    driver = webdriver.Chrome(service=service, options=chrome_options)
  File "/home/arth-linux/Desktop/My Code/Web_Scrapper/venv/lib/python3.13/site-packages/selenium/webdriver/chrome/webdriver.py", line 46, in __init__
    super().__init__(
    ~~~~~~~~~~~~~~~~^
        browser_name=DesiredCapabilities.CHROME["browserName"],
        ^^^^^^^^^^^^^^^^^^^^^^^^^^^^^^^^^^^^^^^^^^^^^^^^^^^^^^^
    ...<3 lines>...
        keep_alive=keep_alive,
        ^^^^^^^^^^^^^^^^^^^^^^
    )
    ^
  File "/home/arth-linux/Desktop/My Code/Web_Scrapper/venv/lib/python3.13/site-packages/selenium/webdriver/chromium/webdriver.py", line 67, in __init__
    super().__init__(command_executor=executor, options=options)
    ~~~~~~~~~~~~~~~~^^^^^^^^^^^^^^^^^^^^^^^^^^^^^^^^^^^^^^^^^^^^
  File "/home/arth-linux/Desktop/My Code/Web_Scrapper/venv/lib/python3.13/site-packages/selenium/webdriver/remote/webdriver.py", line 257, in __init__
    self.start_session(capabilities)
    ~~~~~~~~~~~~~~~~~~^^^^^^^^^^^^^^
  File "/home/arth-linux/Desktop/My Code/Web_Scrapper/venv/lib/python3.13/site-packages/selenium/webdriver/remote/webdriver.py", line 352, in start_session
    response = self.execute(Command.NEW_SESSION, caps)["value"]
               ~~~~~~~~~~~~^^^^^^^^^^^^^^^^^^^^^^^^^^^
  File "/home/arth-linux/Desktop/My Code/Web_Scrapper/venv/lib/python3.13/site-packages/selenium/webdriver/remote/webdriver.py", line 432, in execute
    self.error_handler.check_response(response)
    ~~~~~~~~~~~~~~~~~~~~~~~~~~~~~~~~~^^^^^^^^^^
  File "/home/arth-linux/Desktop/My Code/Web_Scrapper/venv/lib/python3.13/site-packages/selenium/webdriver/remote/errorhandler.py", line 232, in check_response
    raise exception_class(message, screen, stacktrace)
selenium.common.exceptions.WebDriverException: Message: unknown error: cannot find Chrome binary
Stacktrace:
#0 0x557b52acf4e3 <unknown>
#1 0x557b527fec76 <unknown>
#2 0x557b52825757 <unknown>
#3 0x557b52824029 <unknown>
#4 0x557b52862ccc <unknown>
#5 0x557b5286247f <unknown>
#6 0x557b52859de3 <unknown>
#7 0x557b5282f2dd <unknown>
#8 0x557b5283034e <unknown>
#9 0x557b52a8f3e4 <unknown>
#10 0x557b52a933d7 <unknown>
#11 0x557b52a9db20 <unknown>
#12 0x557b52a94023 <unknown>
#13 0x557b52a621aa <unknown>
#14 0x557b52ab86b8 <unknown>
#15 0x557b52ab8847 <unknown>
#16 0x557b52ac8243 <unknown>
#17 0x7f817b29698b <unknown>
#18 0x7f817b31a9cc <unknown>


The above exception was the direct cause of the following exception:

Traceback (most recent call last):
  File "/home/arth-linux/Desktop/My Code/Web_Scrapper/src/scrapers/base_scraper.py", line 208, in fetch_page
    self.driver = self._setup_driver()
                  ~~~~~~~~~~~~~~~~~~^^
  File "/home/arth-linux/Desktop/My Code/Web_Scrapper/src/scrapers/base_scraper.py", line 163, in _setup_driver
    raise WebDriverException(f"WebDriver setup failed: {e}") from e
selenium.common.exceptions.WebDriverException: Message: WebDriver setup failed: Message: unknown error: cannot find Chrome binary
Stacktrace:
#0 0x557b52acf4e3 <unknown>
#1 0x557b527fec76 <unknown>
#2 0x557b52825757 <unknown>
#3 0x557b52824029 <unknown>
#4 0x557b52862ccc <unknown>
#5 0x557b5286247f <unknown>
#6 0x557b52859de3 <unknown>
#7 0x557b5282f2dd <unknown>
#8 0x557b5283034e <unknown>
#9 0x557b52a8f3e4 <unknown>
#10 0x557b52a933d7 <unknown>
#11 0x557b52a9db20 <unknown>
#12 0x557b52a94023 <unknown>
#13 0x557b52a621aa <unknown>
#14 0x557b52ab86b8 <unknown>
#15 0x557b52ab8847 <unknown>
#16 0x557b52ac8243 <unknown>
#17 0x7f817b29698b <unknown>
#18 0x7f817b31a9cc <unknown>


2025-12-28 05:46:07 - web_scraper - INFO - Fetching URL (attempt 3/3): https://www.amazon.in/s?k=HP+Pavilion+laptop
2025-12-28 05:46:07 - web_scraper - INFO - Using webdriver-manager for ChromeDriver
2025-12-28 05:46:09 - web_scraper - ERROR - Failed to setup WebDriver: Message: unknown error: cannot find Chrome binary
Stacktrace:
#0 0x557357b214e3 <unknown>
#1 0x557357850c76 <unknown>
#2 0x557357877757 <unknown>
#3 0x557357876029 <unknown>
#4 0x5573578b4ccc <unknown>
#5 0x5573578b447f <unknown>
#6 0x5573578abde3 <unknown>
#7 0x5573578812dd <unknown>
#8 0x55735788234e <unknown>
#9 0x557357ae13e4 <unknown>
#10 0x557357ae53d7 <unknown>
#11 0x557357aefb20 <unknown>
#12 0x557357ae6023 <unknown>
#13 0x557357ab41aa <unknown>
#14 0x557357b0a6b8 <unknown>
#15 0x557357b0a847 <unknown>
#16 0x557357b1a243 <unknown>
#17 0x7f0eb5a9698b <unknown>
#18 0x7f0eb5b1a9cc <unknown>
Traceback (most recent call last):
  File "/home/arth-linux/Desktop/My Code/Web_Scrapper/src/scrapers/base_scraper.py", line 150, in _setup_driver
    driver = webdriver.Chrome(service=service, options=chrome_options)
  File "/home/arth-linux/Desktop/My Code/Web_Scrapper/venv/lib/python3.13/site-packages/selenium/webdriver/chrome/webdriver.py", line 46, in __init__
    super().__init__(
    ~~~~~~~~~~~~~~~~^
        browser_name=DesiredCapabilities.CHROME["browserName"],
        ^^^^^^^^^^^^^^^^^^^^^^^^^^^^^^^^^^^^^^^^^^^^^^^^^^^^^^^
    ...<3 lines>...
        keep_alive=keep_alive,
        ^^^^^^^^^^^^^^^^^^^^^^
    )
    ^
  File "/home/arth-linux/Desktop/My Code/Web_Scrapper/venv/lib/python3.13/site-packages/selenium/webdriver/chromium/webdriver.py", line 67, in __init__
    super().__init__(command_executor=executor, options=options)
    ~~~~~~~~~~~~~~~~^^^^^^^^^^^^^^^^^^^^^^^^^^^^^^^^^^^^^^^^^^^^
  File "/home/arth-linux/Desktop/My Code/Web_Scrapper/venv/lib/python3.13/site-packages/selenium/webdriver/remote/webdriver.py", line 257, in __init__
    self.start_session(capabilities)
    ~~~~~~~~~~~~~~~~~~^^^^^^^^^^^^^^
  File "/home/arth-linux/Desktop/My Code/Web_Scrapper/venv/lib/python3.13/site-packages/selenium/webdriver/remote/webdriver.py", line 352, in start_session
    response = self.execute(Command.NEW_SESSION, caps)["value"]
               ~~~~~~~~~~~~^^^^^^^^^^^^^^^^^^^^^^^^^^^
  File "/home/arth-linux/Desktop/My Code/Web_Scrapper/venv/lib/python3.13/site-packages/selenium/webdriver/remote/webdriver.py", line 432, in execute
    self.error_handler.check_response(response)
    ~~~~~~~~~~~~~~~~~~~~~~~~~~~~~~~~~^^^^^^^^^^
  File "/home/arth-linux/Desktop/My Code/Web_Scrapper/venv/lib/python3.13/site-packages/selenium/webdriver/remote/errorhandler.py", line 232, in check_response
    raise exception_class(message, screen, stacktrace)
selenium.common.exceptions.WebDriverException: Message: unknown error: cannot find Chrome binary
Stacktrace:
#0 0x557357b214e3 <unknown>
#1 0x557357850c76 <unknown>
#2 0x557357877757 <unknown>
#3 0x557357876029 <unknown>
#4 0x5573578b4ccc <unknown>
#5 0x5573578b447f <unknown>
#6 0x5573578abde3 <unknown>
#7 0x5573578812dd <unknown>
#8 0x55735788234e <unknown>
#9 0x557357ae13e4 <unknown>
#10 0x557357ae53d7 <unknown>
#11 0x557357aefb20 <unknown>
#12 0x557357ae6023 <unknown>
#13 0x557357ab41aa <unknown>
#14 0x557357b0a6b8 <unknown>
#15 0x557357b0a847 <unknown>
#16 0x557357b1a243 <unknown>
#17 0x7f0eb5a9698b <unknown>
#18 0x7f0eb5b1a9cc <unknown>

2025-12-28 05:46:09 - web_scraper - ERROR - Unexpected error on attempt 3/3: Message: WebDriver setup failed: Message: unknown error: cannot find Chrome binary
Stacktrace:
#0 0x557357b214e3 <unknown>
#1 0x557357850c76 <unknown>
#2 0x557357877757 <unknown>
#3 0x557357876029 <unknown>
#4 0x5573578b4ccc <unknown>
#5 0x5573578b447f <unknown>
#6 0x5573578abde3 <unknown>
#7 0x5573578812dd <unknown>
#8 0x55735788234e <unknown>
#9 0x557357ae13e4 <unknown>
#10 0x557357ae53d7 <unknown>
#11 0x557357aefb20 <unknown>
#12 0x557357ae6023 <unknown>
#13 0x557357ab41aa <unknown>
#14 0x557357b0a6b8 <unknown>
#15 0x557357b0a847 <unknown>
#16 0x557357b1a243 <unknown>
#17 0x7f0eb5a9698b <unknown>
#18 0x7f0eb5b1a9cc <unknown>

Traceback (most recent call last):
  File "/home/arth-linux/Desktop/My Code/Web_Scrapper/src/scrapers/base_scraper.py", line 150, in _setup_driver
    driver = webdriver.Chrome(service=service, options=chrome_options)
  File "/home/arth-linux/Desktop/My Code/Web_Scrapper/venv/lib/python3.13/site-packages/selenium/webdriver/chrome/webdriver.py", line 46, in __init__
    super().__init__(
    ~~~~~~~~~~~~~~~~^
        browser_name=DesiredCapabilities.CHROME["browserName"],
        ^^^^^^^^^^^^^^^^^^^^^^^^^^^^^^^^^^^^^^^^^^^^^^^^^^^^^^^
    ...<3 lines>...
        keep_alive=keep_alive,
        ^^^^^^^^^^^^^^^^^^^^^^
    )
    ^
  File "/home/arth-linux/Desktop/My Code/Web_Scrapper/venv/lib/python3.13/site-packages/selenium/webdriver/chromium/webdriver.py", line 67, in __init__
    super().__init__(command_executor=executor, options=options)
    ~~~~~~~~~~~~~~~~^^^^^^^^^^^^^^^^^^^^^^^^^^^^^^^^^^^^^^^^^^^^
  File "/home/arth-linux/Desktop/My Code/Web_Scrapper/venv/lib/python3.13/site-packages/selenium/webdriver/remote/webdriver.py", line 257, in __init__
    self.start_session(capabilities)
    ~~~~~~~~~~~~~~~~~~^^^^^^^^^^^^^^
  File "/home/arth-linux/Desktop/My Code/Web_Scrapper/venv/lib/python3.13/site-packages/selenium/webdriver/remote/webdriver.py", line 352, in start_session
    response = self.execute(Command.NEW_SESSION, caps)["value"]
               ~~~~~~~~~~~~^^^^^^^^^^^^^^^^^^^^^^^^^^^
  File "/home/arth-linux/Desktop/My Code/Web_Scrapper/venv/lib/python3.13/site-packages/selenium/webdriver/remote/webdriver.py", line 432, in execute
    self.error_handler.check_response(response)
    ~~~~~~~~~~~~~~~~~~~~~~~~~~~~~~~~~^^^^^^^^^^
  File "/home/arth-linux/Desktop/My Code/Web_Scrapper/venv/lib/python3.13/site-packages/selenium/webdriver/remote/errorhandler.py", line 232, in check_response
    raise exception_class(message, screen, stacktrace)
selenium.common.exceptions.WebDriverException: Message: unknown error: cannot find Chrome binary
Stacktrace:
#0 0x557357b214e3 <unknown>
#1 0x557357850c76 <unknown>
#2 0x557357877757 <unknown>
#3 0x557357876029 <unknown>
#4 0x5573578b4ccc <unknown>
#5 0x5573578b447f <unknown>
#6 0x5573578abde3 <unknown>
#7 0x5573578812dd <unknown>
#8 0x55735788234e <unknown>
#9 0x557357ae13e4 <unknown>
#10 0x557357ae53d7 <unknown>
#11 0x557357aefb20 <unknown>
#12 0x557357ae6023 <unknown>
#13 0x557357ab41aa <unknown>
#14 0x557357b0a6b8 <unknown>
#15 0x557357b0a847 <unknown>
#16 0x557357b1a243 <unknown>
#17 0x7f0eb5a9698b <unknown>
#18 0x7f0eb5b1a9cc <unknown>


The above exception was the direct cause of the following exception:

Traceback (most recent call last):
  File "/home/arth-linux/Desktop/My Code/Web_Scrapper/src/scrapers/base_scraper.py", line 208, in fetch_page
    self.driver = self._setup_driver()
                  ~~~~~~~~~~~~~~~~~~^^
  File "/home/arth-linux/Desktop/My Code/Web_Scrapper/src/scrapers/base_scraper.py", line 163, in _setup_driver
    raise WebDriverException(f"WebDriver setup failed: {e}") from e
selenium.common.exceptions.WebDriverException: Message: WebDriver setup failed: Message: unknown error: cannot find Chrome binary
Stacktrace:
#0 0x557357b214e3 <unknown>
#1 0x557357850c76 <unknown>
#2 0x557357877757 <unknown>
#3 0x557357876029 <unknown>
#4 0x5573578b4ccc <unknown>
#5 0x5573578b447f <unknown>
#6 0x5573578abde3 <unknown>
#7 0x5573578812dd <unknown>
#8 0x55735788234e <unknown>
#9 0x557357ae13e4 <unknown>
#10 0x557357ae53d7 <unknown>
#11 0x557357aefb20 <unknown>
#12 0x557357ae6023 <unknown>
#13 0x557357ab41aa <unknown>
#14 0x557357b0a6b8 <unknown>
#15 0x557357b0a847 <unknown>
#16 0x557357b1a243 <unknown>
#17 0x7f0eb5a9698b <unknown>
#18 0x7f0eb5b1a9cc <unknown>


2025-12-28 05:46:09 - web_scraper - ERROR - Unexpected error during scraping: Message: WebDriver setup failed: Message: unknown error: cannot find Chrome binary
Stacktrace:
#0 0x557357b214e3 <unknown>
#1 0x557357850c76 <unknown>
#2 0x557357877757 <unknown>
#3 0x557357876029 <unknown>
#4 0x5573578b4ccc <unknown>
#5 0x5573578b447f <unknown>
#6 0x5573578abde3 <unknown>
#7 0x5573578812dd <unknown>
#8 0x55735788234e <unknown>
#9 0x557357ae13e4 <unknown>
#10 0x557357ae53d7 <unknown>
#11 0x557357aefb20 <unknown>
#12 0x557357ae6023 <unknown>
#13 0x557357ab41aa <unknown>
#14 0x557357b0a6b8 <unknown>
#15 0x557357b0a847 <unknown>
#16 0x557357b1a243 <unknown>
#17 0x7f0eb5a9698b <unknown>
#18 0x7f0eb5b1a9cc <unknown>

Traceback (most recent call last):
  File "/home/arth-linux/Desktop/My Code/Web_Scrapper/src/scrapers/base_scraper.py", line 150, in _setup_driver
    driver = webdriver.Chrome(service=service, options=chrome_options)
  File "/home/arth-linux/Desktop/My Code/Web_Scrapper/venv/lib/python3.13/site-packages/selenium/webdriver/chrome/webdriver.py", line 46, in __init__
    super().__init__(
    ~~~~~~~~~~~~~~~~^
        browser_name=DesiredCapabilities.CHROME["browserName"],
        ^^^^^^^^^^^^^^^^^^^^^^^^^^^^^^^^^^^^^^^^^^^^^^^^^^^^^^^
    ...<3 lines>...
        keep_alive=keep_alive,
        ^^^^^^^^^^^^^^^^^^^^^^
    )
    ^
  File "/home/arth-linux/Desktop/My Code/Web_Scrapper/venv/lib/python3.13/site-packages/selenium/webdriver/chromium/webdriver.py", line 67, in __init__
    super().__init__(command_executor=executor, options=options)
    ~~~~~~~~~~~~~~~~^^^^^^^^^^^^^^^^^^^^^^^^^^^^^^^^^^^^^^^^^^^^
  File "/home/arth-linux/Desktop/My Code/Web_Scrapper/venv/lib/python3.13/site-packages/selenium/webdriver/remote/webdriver.py", line 257, in __init__
    self.start_session(capabilities)
    ~~~~~~~~~~~~~~~~~~^^^^^^^^^^^^^^
  File "/home/arth-linux/Desktop/My Code/Web_Scrapper/venv/lib/python3.13/site-packages/selenium/webdriver/remote/webdriver.py", line 352, in start_session
    response = self.execute(Command.NEW_SESSION, caps)["value"]
               ~~~~~~~~~~~~^^^^^^^^^^^^^^^^^^^^^^^^^^^
  File "/home/arth-linux/Desktop/My Code/Web_Scrapper/venv/lib/python3.13/site-packages/selenium/webdriver/remote/webdriver.py", line 432, in execute
    self.error_handler.check_response(response)
    ~~~~~~~~~~~~~~~~~~~~~~~~~~~~~~~~~^^^^^^^^^^
  File "/home/arth-linux/Desktop/My Code/Web_Scrapper/venv/lib/python3.13/site-packages/selenium/webdriver/remote/errorhandler.py", line 232, in check_response
    raise exception_class(message, screen, stacktrace)
selenium.common.exceptions.WebDriverException: Message: unknown error: cannot find Chrome binary
Stacktrace:
#0 0x557357b214e3 <unknown>
#1 0x557357850c76 <unknown>
#2 0x557357877757 <unknown>
#3 0x557357876029 <unknown>
#4 0x5573578b4ccc <unknown>
#5 0x5573578b447f <unknown>
#6 0x5573578abde3 <unknown>
#7 0x5573578812dd <unknown>
#8 0x55735788234e <unknown>
#9 0x557357ae13e4 <unknown>
#10 0x557357ae53d7 <unknown>
#11 0x557357aefb20 <unknown>
#12 0x557357ae6023 <unknown>
#13 0x557357ab41aa <unknown>
#14 0x557357b0a6b8 <unknown>
#15 0x557357b0a847 <unknown>
#16 0x557357b1a243 <unknown>
#17 0x7f0eb5a9698b <unknown>
#18 0x7f0eb5b1a9cc <unknown>


The above exception was the direct cause of the following exception:

Traceback (most recent call last):
  File "/home/arth-linux/Desktop/My Code/Web_Scrapper/src/scrapers/base_scraper.py", line 539, in scrape
    html = self.fetch_page(search_url, use_selenium=True)
  File "/home/arth-linux/Desktop/My Code/Web_Scrapper/src/scrapers/base_scraper.py", line 208, in fetch_page
    self.driver = self._setup_driver()
                  ~~~~~~~~~~~~~~~~~~^^
  File "/home/arth-linux/Desktop/My Code/Web_Scrapper/src/scrapers/base_scraper.py", line 163, in _setup_driver
    raise WebDriverException(f"WebDriver setup failed: {e}") from e
selenium.common.exceptions.WebDriverException: Message: WebDriver setup failed: Message: unknown error: cannot find Chrome binary
Stacktrace:
#0 0x557357b214e3 <unknown>
#1 0x557357850c76 <unknown>
#2 0x557357877757 <unknown>
#3 0x557357876029 <unknown>
#4 0x5573578b4ccc <unknown>
#5 0x5573578b447f <unknown>
#6 0x5573578abde3 <unknown>
#7 0x5573578812dd <unknown>
#8 0x55735788234e <unknown>
#9 0x557357ae13e4 <unknown>
#10 0x557357ae53d7 <unknown>
#11 0x557357aefb20 <unknown>
#12 0x557357ae6023 <unknown>
#13 0x557357ab41aa <unknown>
#14 0x557357b0a6b8 <unknown>
#15 0x557357b0a847 <unknown>
#16 0x557357b1a243 <unknown>
#17 0x7f0eb5a9698b <unknown>
#18 0x7f0eb5b1a9cc <unknown>


2025-12-28 05:46:09 - web_scraper - WARNING - Amazon scraping returned no products
2025-12-28 05:46:09 - web_scraper - INFO - Initialized scraper with query: 'HP Pavilion laptop', max_results: 5
2025-12-28 05:46:09 - web_scraper - INFO - Initialized FlipkartScraper for query: 'HP Pavilion laptop'
2025-12-28 05:46:09 - web_scraper - INFO - ============================================================
2025-12-28 05:46:09 - web_scraper - INFO - Starting Flipkart scrape for query: 'HP Pavilion laptop'
2025-12-28 05:46:09 - web_scraper - INFO - Maximum results: 5
2025-12-28 05:46:09 - web_scraper - INFO - ============================================================
2025-12-28 05:46:09 - web_scraper - DEBUG - Built search URL: https://www.flipkart.com/search?q=HP+Pavilion+laptop
2025-12-28 05:46:09 - web_scraper - INFO - Search URL: https://www.flipkart.com/search?q=HP+Pavilion+laptop
2025-12-28 05:46:09 - web_scraper - INFO - Using webdriver-manager for ChromeDriver
2025-12-28 05:46:11 - web_scraper - ERROR - Failed to setup Selenium WebDriver: Message: unknown error: cannot find Chrome binary
Stacktrace:
#0 0x55766a97b4e3 <unknown>
#1 0x55766a6aac76 <unknown>
#2 0x55766a6d1757 <unknown>
#3 0x55766a6d0029 <unknown>
#4 0x55766a70eccc <unknown>
#5 0x55766a70e47f <unknown>
#6 0x55766a705de3 <unknown>
#7 0x55766a6db2dd <unknown>
#8 0x55766a6dc34e <unknown>
#9 0x55766a93b3e4 <unknown>
#10 0x55766a93f3d7 <unknown>
#11 0x55766a949b20 <unknown>
#12 0x55766a940023 <unknown>
#13 0x55766a90e1aa <unknown>
#14 0x55766a9646b8 <unknown>
#15 0x55766a964847 <unknown>
#16 0x55766a974243 <unknown>
#17 0x7f3e6b69698b <unknown>
#18 0x7f3e6b71a9cc <unknown>
Traceback (most recent call last):
  File "/home/arth-linux/Desktop/My Code/Web_Scrapper/src/scrapers/flipkart_scraper.py", line 121, in _setup_selenium_driver
    driver = webdriver.Chrome(service=service, options=chrome_options)
  File "/home/arth-linux/Desktop/My Code/Web_Scrapper/venv/lib/python3.13/site-packages/selenium/webdriver/chrome/webdriver.py", line 46, in __init__
    super().__init__(
    ~~~~~~~~~~~~~~~~^
        browser_name=DesiredCapabilities.CHROME["browserName"],
        ^^^^^^^^^^^^^^^^^^^^^^^^^^^^^^^^^^^^^^^^^^^^^^^^^^^^^^^
    ...<3 lines>...
        keep_alive=keep_alive,
        ^^^^^^^^^^^^^^^^^^^^^^
    )
    ^
  File "/home/arth-linux/Desktop/My Code/Web_Scrapper/venv/lib/python3.13/site-packages/selenium/webdriver/chromium/webdriver.py", line 67, in __init__
    super().__init__(command_executor=executor, options=options)
    ~~~~~~~~~~~~~~~~^^^^^^^^^^^^^^^^^^^^^^^^^^^^^^^^^^^^^^^^^^^^
  File "/home/arth-linux/Desktop/My Code/Web_Scrapper/venv/lib/python3.13/site-packages/selenium/webdriver/remote/webdriver.py", line 257, in __init__
    self.start_session(capabilities)
    ~~~~~~~~~~~~~~~~~~^^^^^^^^^^^^^^
  File "/home/arth-linux/Desktop/My Code/Web_Scrapper/venv/lib/python3.13/site-packages/selenium/webdriver/remote/webdriver.py", line 352, in start_session
    response = self.execute(Command.NEW_SESSION, caps)["value"]
               ~~~~~~~~~~~~^^^^^^^^^^^^^^^^^^^^^^^^^^^
  File "/home/arth-linux/Desktop/My Code/Web_Scrapper/venv/lib/python3.13/site-packages/selenium/webdriver/remote/webdriver.py", line 432, in execute
    self.error_handler.check_response(response)
    ~~~~~~~~~~~~~~~~~~~~~~~~~~~~~~~~~^^^^^^^^^^
  File "/home/arth-linux/Desktop/My Code/Web_Scrapper/venv/lib/python3.13/site-packages/selenium/webdriver/remote/errorhandler.py", line 232, in check_response
    raise exception_class(message, screen, stacktrace)
selenium.common.exceptions.WebDriverException: Message: unknown error: cannot find Chrome binary
Stacktrace:
#0 0x55766a97b4e3 <unknown>
#1 0x55766a6aac76 <unknown>
#2 0x55766a6d1757 <unknown>
#3 0x55766a6d0029 <unknown>
#4 0x55766a70eccc <unknown>
#5 0x55766a70e47f <unknown>
#6 0x55766a705de3 <unknown>
#7 0x55766a6db2dd <unknown>
#8 0x55766a6dc34e <unknown>
#9 0x55766a93b3e4 <unknown>
#10 0x55766a93f3d7 <unknown>
#11 0x55766a949b20 <unknown>
#12 0x55766a940023 <unknown>
#13 0x55766a90e1aa <unknown>
#14 0x55766a9646b8 <unknown>
#15 0x55766a964847 <unknown>
#16 0x55766a974243 <unknown>
#17 0x7f3e6b69698b <unknown>
#18 0x7f3e6b71a9cc <unknown>

2025-12-28 05:46:11 - web_scraper - ERROR - Unexpected error during scraping: Message: unknown error: cannot find Chrome binary
Stacktrace:
#0 0x55766a97b4e3 <unknown>
#1 0x55766a6aac76 <unknown>
#2 0x55766a6d1757 <unknown>
#3 0x55766a6d0029 <unknown>
#4 0x55766a70eccc <unknown>
#5 0x55766a70e47f <unknown>
#6 0x55766a705de3 <unknown>
#7 0x55766a6db2dd <unknown>
#8 0x55766a6dc34e <unknown>
#9 0x55766a93b3e4 <unknown>
#10 0x55766a93f3d7 <unknown>
#11 0x55766a949b20 <unknown>
#12 0x55766a940023 <unknown>
#13 0x55766a90e1aa <unknown>
#14 0x55766a9646b8 <unknown>
#15 0x55766a964847 <unknown>
#16 0x55766a974243 <unknown>
#17 0x7f3e6b69698b <unknown>
#18 0x7f3e6b71a9cc <unknown>
Traceback (most recent call last):
  File "/home/arth-linux/Desktop/My Code/Web_Scrapper/src/scrapers/flipkart_scraper.py", line 307, in scrape
    driver = self._setup_selenium_driver()
  File "/home/arth-linux/Desktop/My Code/Web_Scrapper/src/scrapers/flipkart_scraper.py", line 121, in _setup_selenium_driver
    driver = webdriver.Chrome(service=service, options=chrome_options)
  File "/home/arth-linux/Desktop/My Code/Web_Scrapper/venv/lib/python3.13/site-packages/selenium/webdriver/chrome/webdriver.py", line 46, in __init__
    super().__init__(
    ~~~~~~~~~~~~~~~~^
        browser_name=DesiredCapabilities.CHROME["browserName"],
        ^^^^^^^^^^^^^^^^^^^^^^^^^^^^^^^^^^^^^^^^^^^^^^^^^^^^^^^
    ...<3 lines>...
        keep_alive=keep_alive,
        ^^^^^^^^^^^^^^^^^^^^^^
    )
    ^
  File "/home/arth-linux/Desktop/My Code/Web_Scrapper/venv/lib/python3.13/site-packages/selenium/webdriver/chromium/webdriver.py", line 67, in __init__
    super().__init__(command_executor=executor, options=options)
    ~~~~~~~~~~~~~~~~^^^^^^^^^^^^^^^^^^^^^^^^^^^^^^^^^^^^^^^^^^^^
  File "/home/arth-linux/Desktop/My Code/Web_Scrapper/venv/lib/python3.13/site-packages/selenium/webdriver/remote/webdriver.py", line 257, in __init__
    self.start_session(capabilities)
    ~~~~~~~~~~~~~~~~~~^^^^^^^^^^^^^^
  File "/home/arth-linux/Desktop/My Code/Web_Scrapper/venv/lib/python3.13/site-packages/selenium/webdriver/remote/webdriver.py", line 352, in start_session
    response = self.execute(Command.NEW_SESSION, caps)["value"]
               ~~~~~~~~~~~~^^^^^^^^^^^^^^^^^^^^^^^^^^^
  File "/home/arth-linux/Desktop/My Code/Web_Scrapper/venv/lib/python3.13/site-packages/selenium/webdriver/remote/webdriver.py", line 432, in execute
    self.error_handler.check_response(response)
    ~~~~~~~~~~~~~~~~~~~~~~~~~~~~~~~~~^^^^^^^^^^
  File "/home/arth-linux/Desktop/My Code/Web_Scrapper/venv/lib/python3.13/site-packages/selenium/webdriver/remote/errorhandler.py", line 232, in check_response
    raise exception_class(message, screen, stacktrace)
selenium.common.exceptions.WebDriverException: Message: unknown error: cannot find Chrome binary
Stacktrace:
#0 0x55766a97b4e3 <unknown>
#1 0x55766a6aac76 <unknown>
#2 0x55766a6d1757 <unknown>
#3 0x55766a6d0029 <unknown>
#4 0x55766a70eccc <unknown>
#5 0x55766a70e47f <unknown>
#6 0x55766a705de3 <unknown>
#7 0x55766a6db2dd <unknown>
#8 0x55766a6dc34e <unknown>
#9 0x55766a93b3e4 <unknown>
#10 0x55766a93f3d7 <unknown>
#11 0x55766a949b20 <unknown>
#12 0x55766a940023 <unknown>
#13 0x55766a90e1aa <unknown>
#14 0x55766a9646b8 <unknown>
#15 0x55766a964847 <unknown>
#16 0x55766a974243 <unknown>
#17 0x7f3e6b69698b <unknown>
#18 0x7f3e6b71a9cc <unknown>

2025-12-28 05:46:11 - web_scraper - WARNING - Flipkart scraping returned no products
2025-12-28 05:46:11 - web_scraper - INFO - Scraping completed in 15.0s
2025-12-28 05:46:11 - web_scraper - WARNING - No products found from any source
2025-12-28 05:46:11 - web_scraper - ERROR - No valid data to process
2025-12-28 05:47:13 - web_scraper - INFO - ProductMatcher initialized with threshold: 0.75
2025-12-28 05:47:13 - web_scraper - INFO - ComparisonEngine initialized
2025-12-28 05:47:13 - web_scraper - INFO - Matched 8 products into 4 groups
2025-12-28 05:47:13 - web_scraper - INFO - Created 3 product comparisons
2025-12-28 05:47:14 - web_scraper - INFO - DataProcessor initialized
2025-12-28 05:47:14 - web_scraper - INFO - ✓ Price statistics calculated successfully
2025-12-28 05:47:14 - web_scraper - DEBUG - Applied Excel formatting
2025-12-28 05:47:14 - web_scraper - INFO - ✓ Successfully exported 11 products to data/output/excel/data/output/excel/price_comparison_demo_20251228_054713.xlsx
2025-12-28 05:47:15 - web_scraper - INFO - ✓ Same-product comparison chart saved to data/output/images/same_product_comparison_20251228_054714.png
2025-12-28 05:47:15 - web_scraper - INFO - Visualizer initialized with output directory: data/output/images
2025-12-28 05:47:16 - web_scraper - INFO - ✓ Price comparison chart saved to data/output/images/price_comparison_20251228_054715.png
2025-12-28 05:49:07 - web_scraper - INFO - Initialized scraper with query: 'HP Pavilion laptop', max_results: 10
2025-12-28 05:49:07 - web_scraper - INFO - Initialized AmazonScraper for query: 'HP Pavilion laptop'
2025-12-28 05:49:07 - web_scraper - INFO - ============================================================
2025-12-28 05:49:07 - web_scraper - INFO - Starting scrape for query: 'HP Pavilion laptop'
2025-12-28 05:49:07 - web_scraper - INFO - Maximum results: 10
2025-12-28 05:49:07 - web_scraper - INFO - ============================================================
2025-12-28 05:49:07 - web_scraper - DEBUG - Built search URL: https://www.amazon.in/s?k=HP+Pavilion+laptop
2025-12-28 05:49:07 - web_scraper - INFO - Search URL: https://www.amazon.in/s?k=HP+Pavilion+laptop
2025-12-28 05:49:07 - web_scraper - INFO - Fetching URL (attempt 1/3): https://www.amazon.in/s?k=HP+Pavilion+laptop
2025-12-28 05:49:07 - web_scraper - INFO - Using webdriver-manager for ChromeDriver
2025-12-28 05:49:09 - web_scraper - ERROR - Failed to setup WebDriver: Message: unknown error: cannot find Chrome binary
Stacktrace:
#0 0x5633f88d04e3 <unknown>
#1 0x5633f85ffc76 <unknown>
#2 0x5633f8626757 <unknown>
#3 0x5633f8625029 <unknown>
#4 0x5633f8663ccc <unknown>
#5 0x5633f866347f <unknown>
#6 0x5633f865ade3 <unknown>
#7 0x5633f86302dd <unknown>
#8 0x5633f863134e <unknown>
#9 0x5633f88903e4 <unknown>
#10 0x5633f88943d7 <unknown>
#11 0x5633f889eb20 <unknown>
#12 0x5633f8895023 <unknown>
#13 0x5633f88631aa <unknown>
#14 0x5633f88b96b8 <unknown>
#15 0x5633f88b9847 <unknown>
#16 0x5633f88c9243 <unknown>
#17 0x7f9a5b69698b <unknown>
#18 0x7f9a5b71a9cc <unknown>
Traceback (most recent call last):
  File "/home/arth-linux/Desktop/My Code/Web_Scrapper/src/scrapers/base_scraper.py", line 150, in _setup_driver
    driver = webdriver.Chrome(service=service, options=chrome_options)
  File "/home/arth-linux/Desktop/My Code/Web_Scrapper/venv/lib/python3.13/site-packages/selenium/webdriver/chrome/webdriver.py", line 46, in __init__
    super().__init__(
    ~~~~~~~~~~~~~~~~^
        browser_name=DesiredCapabilities.CHROME["browserName"],
        ^^^^^^^^^^^^^^^^^^^^^^^^^^^^^^^^^^^^^^^^^^^^^^^^^^^^^^^
    ...<3 lines>...
        keep_alive=keep_alive,
        ^^^^^^^^^^^^^^^^^^^^^^
    )
    ^
  File "/home/arth-linux/Desktop/My Code/Web_Scrapper/venv/lib/python3.13/site-packages/selenium/webdriver/chromium/webdriver.py", line 67, in __init__
    super().__init__(command_executor=executor, options=options)
    ~~~~~~~~~~~~~~~~^^^^^^^^^^^^^^^^^^^^^^^^^^^^^^^^^^^^^^^^^^^^
  File "/home/arth-linux/Desktop/My Code/Web_Scrapper/venv/lib/python3.13/site-packages/selenium/webdriver/remote/webdriver.py", line 257, in __init__
    self.start_session(capabilities)
    ~~~~~~~~~~~~~~~~~~^^^^^^^^^^^^^^
  File "/home/arth-linux/Desktop/My Code/Web_Scrapper/venv/lib/python3.13/site-packages/selenium/webdriver/remote/webdriver.py", line 352, in start_session
    response = self.execute(Command.NEW_SESSION, caps)["value"]
               ~~~~~~~~~~~~^^^^^^^^^^^^^^^^^^^^^^^^^^^
  File "/home/arth-linux/Desktop/My Code/Web_Scrapper/venv/lib/python3.13/site-packages/selenium/webdriver/remote/webdriver.py", line 432, in execute
    self.error_handler.check_response(response)
    ~~~~~~~~~~~~~~~~~~~~~~~~~~~~~~~~~^^^^^^^^^^
  File "/home/arth-linux/Desktop/My Code/Web_Scrapper/venv/lib/python3.13/site-packages/selenium/webdriver/remote/errorhandler.py", line 232, in check_response
    raise exception_class(message, screen, stacktrace)
selenium.common.exceptions.WebDriverException: Message: unknown error: cannot find Chrome binary
Stacktrace:
#0 0x5633f88d04e3 <unknown>
#1 0x5633f85ffc76 <unknown>
#2 0x5633f8626757 <unknown>
#3 0x5633f8625029 <unknown>
#4 0x5633f8663ccc <unknown>
#5 0x5633f866347f <unknown>
#6 0x5633f865ade3 <unknown>
#7 0x5633f86302dd <unknown>
#8 0x5633f863134e <unknown>
#9 0x5633f88903e4 <unknown>
#10 0x5633f88943d7 <unknown>
#11 0x5633f889eb20 <unknown>
#12 0x5633f8895023 <unknown>
#13 0x5633f88631aa <unknown>
#14 0x5633f88b96b8 <unknown>
#15 0x5633f88b9847 <unknown>
#16 0x5633f88c9243 <unknown>
#17 0x7f9a5b69698b <unknown>
#18 0x7f9a5b71a9cc <unknown>

2025-12-28 05:49:09 - web_scraper - ERROR - Unexpected error on attempt 1/3: Message: WebDriver setup failed: Message: unknown error: cannot find Chrome binary
Stacktrace:
#0 0x5633f88d04e3 <unknown>
#1 0x5633f85ffc76 <unknown>
#2 0x5633f8626757 <unknown>
#3 0x5633f8625029 <unknown>
#4 0x5633f8663ccc <unknown>
#5 0x5633f866347f <unknown>
#6 0x5633f865ade3 <unknown>
#7 0x5633f86302dd <unknown>
#8 0x5633f863134e <unknown>
#9 0x5633f88903e4 <unknown>
#10 0x5633f88943d7 <unknown>
#11 0x5633f889eb20 <unknown>
#12 0x5633f8895023 <unknown>
#13 0x5633f88631aa <unknown>
#14 0x5633f88b96b8 <unknown>
#15 0x5633f88b9847 <unknown>
#16 0x5633f88c9243 <unknown>
#17 0x7f9a5b69698b <unknown>
#18 0x7f9a5b71a9cc <unknown>

Traceback (most recent call last):
  File "/home/arth-linux/Desktop/My Code/Web_Scrapper/src/scrapers/base_scraper.py", line 150, in _setup_driver
    driver = webdriver.Chrome(service=service, options=chrome_options)
  File "/home/arth-linux/Desktop/My Code/Web_Scrapper/venv/lib/python3.13/site-packages/selenium/webdriver/chrome/webdriver.py", line 46, in __init__
    super().__init__(
    ~~~~~~~~~~~~~~~~^
        browser_name=DesiredCapabilities.CHROME["browserName"],
        ^^^^^^^^^^^^^^^^^^^^^^^^^^^^^^^^^^^^^^^^^^^^^^^^^^^^^^^
    ...<3 lines>...
        keep_alive=keep_alive,
        ^^^^^^^^^^^^^^^^^^^^^^
    )
    ^
  File "/home/arth-linux/Desktop/My Code/Web_Scrapper/venv/lib/python3.13/site-packages/selenium/webdriver/chromium/webdriver.py", line 67, in __init__
    super().__init__(command_executor=executor, options=options)
    ~~~~~~~~~~~~~~~~^^^^^^^^^^^^^^^^^^^^^^^^^^^^^^^^^^^^^^^^^^^^
  File "/home/arth-linux/Desktop/My Code/Web_Scrapper/venv/lib/python3.13/site-packages/selenium/webdriver/remote/webdriver.py", line 257, in __init__
    self.start_session(capabilities)
    ~~~~~~~~~~~~~~~~~~^^^^^^^^^^^^^^
  File "/home/arth-linux/Desktop/My Code/Web_Scrapper/venv/lib/python3.13/site-packages/selenium/webdriver/remote/webdriver.py", line 352, in start_session
    response = self.execute(Command.NEW_SESSION, caps)["value"]
               ~~~~~~~~~~~~^^^^^^^^^^^^^^^^^^^^^^^^^^^
  File "/home/arth-linux/Desktop/My Code/Web_Scrapper/venv/lib/python3.13/site-packages/selenium/webdriver/remote/webdriver.py", line 432, in execute
    self.error_handler.check_response(response)
    ~~~~~~~~~~~~~~~~~~~~~~~~~~~~~~~~~^^^^^^^^^^
  File "/home/arth-linux/Desktop/My Code/Web_Scrapper/venv/lib/python3.13/site-packages/selenium/webdriver/remote/errorhandler.py", line 232, in check_response
    raise exception_class(message, screen, stacktrace)
selenium.common.exceptions.WebDriverException: Message: unknown error: cannot find Chrome binary
Stacktrace:
#0 0x5633f88d04e3 <unknown>
#1 0x5633f85ffc76 <unknown>
#2 0x5633f8626757 <unknown>
#3 0x5633f8625029 <unknown>
#4 0x5633f8663ccc <unknown>
#5 0x5633f866347f <unknown>
#6 0x5633f865ade3 <unknown>
#7 0x5633f86302dd <unknown>
#8 0x5633f863134e <unknown>
#9 0x5633f88903e4 <unknown>
#10 0x5633f88943d7 <unknown>
#11 0x5633f889eb20 <unknown>
#12 0x5633f8895023 <unknown>
#13 0x5633f88631aa <unknown>
#14 0x5633f88b96b8 <unknown>
#15 0x5633f88b9847 <unknown>
#16 0x5633f88c9243 <unknown>
#17 0x7f9a5b69698b <unknown>
#18 0x7f9a5b71a9cc <unknown>


The above exception was the direct cause of the following exception:

Traceback (most recent call last):
  File "/home/arth-linux/Desktop/My Code/Web_Scrapper/src/scrapers/base_scraper.py", line 208, in fetch_page
    self.driver = self._setup_driver()
                  ~~~~~~~~~~~~~~~~~~^^
  File "/home/arth-linux/Desktop/My Code/Web_Scrapper/src/scrapers/base_scraper.py", line 163, in _setup_driver
    raise WebDriverException(f"WebDriver setup failed: {e}") from e
selenium.common.exceptions.WebDriverException: Message: WebDriver setup failed: Message: unknown error: cannot find Chrome binary
Stacktrace:
#0 0x5633f88d04e3 <unknown>
#1 0x5633f85ffc76 <unknown>
#2 0x5633f8626757 <unknown>
#3 0x5633f8625029 <unknown>
#4 0x5633f8663ccc <unknown>
#5 0x5633f866347f <unknown>
#6 0x5633f865ade3 <unknown>
#7 0x5633f86302dd <unknown>
#8 0x5633f863134e <unknown>
#9 0x5633f88903e4 <unknown>
#10 0x5633f88943d7 <unknown>
#11 0x5633f889eb20 <unknown>
#12 0x5633f8895023 <unknown>
#13 0x5633f88631aa <unknown>
#14 0x5633f88b96b8 <unknown>
#15 0x5633f88b9847 <unknown>
#16 0x5633f88c9243 <unknown>
#17 0x7f9a5b69698b <unknown>
#18 0x7f9a5b71a9cc <unknown>


2025-12-28 05:49:11 - web_scraper - INFO - Fetching URL (attempt 2/3): https://www.amazon.in/s?k=HP+Pavilion+laptop
2025-12-28 05:49:11 - web_scraper - INFO - Using webdriver-manager for ChromeDriver
2025-12-28 05:49:12 - web_scraper - ERROR - Failed to setup WebDriver: Message: unknown error: cannot find Chrome binary
Stacktrace:
#0 0x55f7462624e3 <unknown>
#1 0x55f745f91c76 <unknown>
#2 0x55f745fb8757 <unknown>
#3 0x55f745fb7029 <unknown>
#4 0x55f745ff5ccc <unknown>
#5 0x55f745ff547f <unknown>
#6 0x55f745fecde3 <unknown>
#7 0x55f745fc22dd <unknown>
#8 0x55f745fc334e <unknown>
#9 0x55f7462223e4 <unknown>
#10 0x55f7462263d7 <unknown>
#11 0x55f746230b20 <unknown>
#12 0x55f746227023 <unknown>
#13 0x55f7461f51aa <unknown>
#14 0x55f74624b6b8 <unknown>
#15 0x55f74624b847 <unknown>
#16 0x55f74625b243 <unknown>
#17 0x7fab4b09698b <unknown>
#18 0x7fab4b11a9cc <unknown>
Traceback (most recent call last):
  File "/home/arth-linux/Desktop/My Code/Web_Scrapper/src/scrapers/base_scraper.py", line 150, in _setup_driver
    driver = webdriver.Chrome(service=service, options=chrome_options)
  File "/home/arth-linux/Desktop/My Code/Web_Scrapper/venv/lib/python3.13/site-packages/selenium/webdriver/chrome/webdriver.py", line 46, in __init__
    super().__init__(
    ~~~~~~~~~~~~~~~~^
        browser_name=DesiredCapabilities.CHROME["browserName"],
        ^^^^^^^^^^^^^^^^^^^^^^^^^^^^^^^^^^^^^^^^^^^^^^^^^^^^^^^
    ...<3 lines>...
        keep_alive=keep_alive,
        ^^^^^^^^^^^^^^^^^^^^^^
    )
    ^
  File "/home/arth-linux/Desktop/My Code/Web_Scrapper/venv/lib/python3.13/site-packages/selenium/webdriver/chromium/webdriver.py", line 67, in __init__
    super().__init__(command_executor=executor, options=options)
    ~~~~~~~~~~~~~~~~^^^^^^^^^^^^^^^^^^^^^^^^^^^^^^^^^^^^^^^^^^^^
  File "/home/arth-linux/Desktop/My Code/Web_Scrapper/venv/lib/python3.13/site-packages/selenium/webdriver/remote/webdriver.py", line 257, in __init__
    self.start_session(capabilities)
    ~~~~~~~~~~~~~~~~~~^^^^^^^^^^^^^^
  File "/home/arth-linux/Desktop/My Code/Web_Scrapper/venv/lib/python3.13/site-packages/selenium/webdriver/remote/webdriver.py", line 352, in start_session
    response = self.execute(Command.NEW_SESSION, caps)["value"]
               ~~~~~~~~~~~~^^^^^^^^^^^^^^^^^^^^^^^^^^^
  File "/home/arth-linux/Desktop/My Code/Web_Scrapper/venv/lib/python3.13/site-packages/selenium/webdriver/remote/webdriver.py", line 432, in execute
    self.error_handler.check_response(response)
    ~~~~~~~~~~~~~~~~~~~~~~~~~~~~~~~~~^^^^^^^^^^
  File "/home/arth-linux/Desktop/My Code/Web_Scrapper/venv/lib/python3.13/site-packages/selenium/webdriver/remote/errorhandler.py", line 232, in check_response
    raise exception_class(message, screen, stacktrace)
selenium.common.exceptions.WebDriverException: Message: unknown error: cannot find Chrome binary
Stacktrace:
#0 0x55f7462624e3 <unknown>
#1 0x55f745f91c76 <unknown>
#2 0x55f745fb8757 <unknown>
#3 0x55f745fb7029 <unknown>
#4 0x55f745ff5ccc <unknown>
#5 0x55f745ff547f <unknown>
#6 0x55f745fecde3 <unknown>
#7 0x55f745fc22dd <unknown>
#8 0x55f745fc334e <unknown>
#9 0x55f7462223e4 <unknown>
#10 0x55f7462263d7 <unknown>
#11 0x55f746230b20 <unknown>
#12 0x55f746227023 <unknown>
#13 0x55f7461f51aa <unknown>
#14 0x55f74624b6b8 <unknown>
#15 0x55f74624b847 <unknown>
#16 0x55f74625b243 <unknown>
#17 0x7fab4b09698b <unknown>
#18 0x7fab4b11a9cc <unknown>

2025-12-28 05:49:12 - web_scraper - ERROR - Unexpected error on attempt 2/3: Message: WebDriver setup failed: Message: unknown error: cannot find Chrome binary
Stacktrace:
#0 0x55f7462624e3 <unknown>
#1 0x55f745f91c76 <unknown>
#2 0x55f745fb8757 <unknown>
#3 0x55f745fb7029 <unknown>
#4 0x55f745ff5ccc <unknown>
#5 0x55f745ff547f <unknown>
#6 0x55f745fecde3 <unknown>
#7 0x55f745fc22dd <unknown>
#8 0x55f745fc334e <unknown>
#9 0x55f7462223e4 <unknown>
#10 0x55f7462263d7 <unknown>
#11 0x55f746230b20 <unknown>
#12 0x55f746227023 <unknown>
#13 0x55f7461f51aa <unknown>
#14 0x55f74624b6b8 <unknown>
#15 0x55f74624b847 <unknown>
#16 0x55f74625b243 <unknown>
#17 0x7fab4b09698b <unknown>
#18 0x7fab4b11a9cc <unknown>

Traceback (most recent call last):
  File "/home/arth-linux/Desktop/My Code/Web_Scrapper/src/scrapers/base_scraper.py", line 150, in _setup_driver
    driver = webdriver.Chrome(service=service, options=chrome_options)
  File "/home/arth-linux/Desktop/My Code/Web_Scrapper/venv/lib/python3.13/site-packages/selenium/webdriver/chrome/webdriver.py", line 46, in __init__
    super().__init__(
    ~~~~~~~~~~~~~~~~^
        browser_name=DesiredCapabilities.CHROME["browserName"],
        ^^^^^^^^^^^^^^^^^^^^^^^^^^^^^^^^^^^^^^^^^^^^^^^^^^^^^^^
    ...<3 lines>...
        keep_alive=keep_alive,
        ^^^^^^^^^^^^^^^^^^^^^^
    )
    ^
  File "/home/arth-linux/Desktop/My Code/Web_Scrapper/venv/lib/python3.13/site-packages/selenium/webdriver/chromium/webdriver.py", line 67, in __init__
    super().__init__(command_executor=executor, options=options)
    ~~~~~~~~~~~~~~~~^^^^^^^^^^^^^^^^^^^^^^^^^^^^^^^^^^^^^^^^^^^^
  File "/home/arth-linux/Desktop/My Code/Web_Scrapper/venv/lib/python3.13/site-packages/selenium/webdriver/remote/webdriver.py", line 257, in __init__
    self.start_session(capabilities)
    ~~~~~~~~~~~~~~~~~~^^^^^^^^^^^^^^
  File "/home/arth-linux/Desktop/My Code/Web_Scrapper/venv/lib/python3.13/site-packages/selenium/webdriver/remote/webdriver.py", line 352, in start_session
    response = self.execute(Command.NEW_SESSION, caps)["value"]
               ~~~~~~~~~~~~^^^^^^^^^^^^^^^^^^^^^^^^^^^
  File "/home/arth-linux/Desktop/My Code/Web_Scrapper/venv/lib/python3.13/site-packages/selenium/webdriver/remote/webdriver.py", line 432, in execute
    self.error_handler.check_response(response)
    ~~~~~~~~~~~~~~~~~~~~~~~~~~~~~~~~~^^^^^^^^^^
  File "/home/arth-linux/Desktop/My Code/Web_Scrapper/venv/lib/python3.13/site-packages/selenium/webdriver/remote/errorhandler.py", line 232, in check_response
    raise exception_class(message, screen, stacktrace)
selenium.common.exceptions.WebDriverException: Message: unknown error: cannot find Chrome binary
Stacktrace:
#0 0x55f7462624e3 <unknown>
#1 0x55f745f91c76 <unknown>
#2 0x55f745fb8757 <unknown>
#3 0x55f745fb7029 <unknown>
#4 0x55f745ff5ccc <unknown>
#5 0x55f745ff547f <unknown>
#6 0x55f745fecde3 <unknown>
#7 0x55f745fc22dd <unknown>
#8 0x55f745fc334e <unknown>
#9 0x55f7462223e4 <unknown>
#10 0x55f7462263d7 <unknown>
#11 0x55f746230b20 <unknown>
#12 0x55f746227023 <unknown>
#13 0x55f7461f51aa <unknown>
#14 0x55f74624b6b8 <unknown>
#15 0x55f74624b847 <unknown>
#16 0x55f74625b243 <unknown>
#17 0x7fab4b09698b <unknown>
#18 0x7fab4b11a9cc <unknown>


The above exception was the direct cause of the following exception:

Traceback (most recent call last):
  File "/home/arth-linux/Desktop/My Code/Web_Scrapper/src/scrapers/base_scraper.py", line 208, in fetch_page
    self.driver = self._setup_driver()
                  ~~~~~~~~~~~~~~~~~~^^
  File "/home/arth-linux/Desktop/My Code/Web_Scrapper/src/scrapers/base_scraper.py", line 163, in _setup_driver
    raise WebDriverException(f"WebDriver setup failed: {e}") from e
selenium.common.exceptions.WebDriverException: Message: WebDriver setup failed: Message: unknown error: cannot find Chrome binary
Stacktrace:
#0 0x55f7462624e3 <unknown>
#1 0x55f745f91c76 <unknown>
#2 0x55f745fb8757 <unknown>
#3 0x55f745fb7029 <unknown>
#4 0x55f745ff5ccc <unknown>
#5 0x55f745ff547f <unknown>
#6 0x55f745fecde3 <unknown>
#7 0x55f745fc22dd <unknown>
#8 0x55f745fc334e <unknown>
#9 0x55f7462223e4 <unknown>
#10 0x55f7462263d7 <unknown>
#11 0x55f746230b20 <unknown>
#12 0x55f746227023 <unknown>
#13 0x55f7461f51aa <unknown>
#14 0x55f74624b6b8 <unknown>
#15 0x55f74624b847 <unknown>
#16 0x55f74625b243 <unknown>
#17 0x7fab4b09698b <unknown>
#18 0x7fab4b11a9cc <unknown>


2025-12-28 05:49:16 - web_scraper - INFO - Fetching URL (attempt 3/3): https://www.amazon.in/s?k=HP+Pavilion+laptop
2025-12-28 05:49:16 - web_scraper - INFO - Using webdriver-manager for ChromeDriver
2025-12-28 05:49:19 - web_scraper - ERROR - Failed to setup WebDriver: Message: unknown error: cannot find Chrome binary
Stacktrace:
#0 0x5591e58b24e3 <unknown>
#1 0x5591e55e1c76 <unknown>
#2 0x5591e5608757 <unknown>
#3 0x5591e5607029 <unknown>
#4 0x5591e5645ccc <unknown>
#5 0x5591e564547f <unknown>
#6 0x5591e563cde3 <unknown>
#7 0x5591e56122dd <unknown>
#8 0x5591e561334e <unknown>
#9 0x5591e58723e4 <unknown>
#10 0x5591e58763d7 <unknown>
#11 0x5591e5880b20 <unknown>
#12 0x5591e5877023 <unknown>
#13 0x5591e58451aa <unknown>
#14 0x5591e589b6b8 <unknown>
#15 0x5591e589b847 <unknown>
#16 0x5591e58ab243 <unknown>
#17 0x7f06bee9698b <unknown>
#18 0x7f06bef1a9cc <unknown>
Traceback (most recent call last):
  File "/home/arth-linux/Desktop/My Code/Web_Scrapper/src/scrapers/base_scraper.py", line 150, in _setup_driver
    driver = webdriver.Chrome(service=service, options=chrome_options)
  File "/home/arth-linux/Desktop/My Code/Web_Scrapper/venv/lib/python3.13/site-packages/selenium/webdriver/chrome/webdriver.py", line 46, in __init__
    super().__init__(
    ~~~~~~~~~~~~~~~~^
        browser_name=DesiredCapabilities.CHROME["browserName"],
        ^^^^^^^^^^^^^^^^^^^^^^^^^^^^^^^^^^^^^^^^^^^^^^^^^^^^^^^
    ...<3 lines>...
        keep_alive=keep_alive,
        ^^^^^^^^^^^^^^^^^^^^^^
    )
    ^
  File "/home/arth-linux/Desktop/My Code/Web_Scrapper/venv/lib/python3.13/site-packages/selenium/webdriver/chromium/webdriver.py", line 67, in __init__
    super().__init__(command_executor=executor, options=options)
    ~~~~~~~~~~~~~~~~^^^^^^^^^^^^^^^^^^^^^^^^^^^^^^^^^^^^^^^^^^^^
  File "/home/arth-linux/Desktop/My Code/Web_Scrapper/venv/lib/python3.13/site-packages/selenium/webdriver/remote/webdriver.py", line 257, in __init__
    self.start_session(capabilities)
    ~~~~~~~~~~~~~~~~~~^^^^^^^^^^^^^^
  File "/home/arth-linux/Desktop/My Code/Web_Scrapper/venv/lib/python3.13/site-packages/selenium/webdriver/remote/webdriver.py", line 352, in start_session
    response = self.execute(Command.NEW_SESSION, caps)["value"]
               ~~~~~~~~~~~~^^^^^^^^^^^^^^^^^^^^^^^^^^^
  File "/home/arth-linux/Desktop/My Code/Web_Scrapper/venv/lib/python3.13/site-packages/selenium/webdriver/remote/webdriver.py", line 432, in execute
    self.error_handler.check_response(response)
    ~~~~~~~~~~~~~~~~~~~~~~~~~~~~~~~~~^^^^^^^^^^
  File "/home/arth-linux/Desktop/My Code/Web_Scrapper/venv/lib/python3.13/site-packages/selenium/webdriver/remote/errorhandler.py", line 232, in check_response
    raise exception_class(message, screen, stacktrace)
selenium.common.exceptions.WebDriverException: Message: unknown error: cannot find Chrome binary
Stacktrace:
#0 0x5591e58b24e3 <unknown>
#1 0x5591e55e1c76 <unknown>
#2 0x5591e5608757 <unknown>
#3 0x5591e5607029 <unknown>
#4 0x5591e5645ccc <unknown>
#5 0x5591e564547f <unknown>
#6 0x5591e563cde3 <unknown>
#7 0x5591e56122dd <unknown>
#8 0x5591e561334e <unknown>
#9 0x5591e58723e4 <unknown>
#10 0x5591e58763d7 <unknown>
#11 0x5591e5880b20 <unknown>
#12 0x5591e5877023 <unknown>
#13 0x5591e58451aa <unknown>
#14 0x5591e589b6b8 <unknown>
#15 0x5591e589b847 <unknown>
#16 0x5591e58ab243 <unknown>
#17 0x7f06bee9698b <unknown>
#18 0x7f06bef1a9cc <unknown>

2025-12-28 05:49:19 - web_scraper - ERROR - Unexpected error on attempt 3/3: Message: WebDriver setup failed: Message: unknown error: cannot find Chrome binary
Stacktrace:
#0 0x5591e58b24e3 <unknown>
#1 0x5591e55e1c76 <unknown>
#2 0x5591e5608757 <unknown>
#3 0x5591e5607029 <unknown>
#4 0x5591e5645ccc <unknown>
#5 0x5591e564547f <unknown>
#6 0x5591e563cde3 <unknown>
#7 0x5591e56122dd <unknown>
#8 0x5591e561334e <unknown>
#9 0x5591e58723e4 <unknown>
#10 0x5591e58763d7 <unknown>
#11 0x5591e5880b20 <unknown>
#12 0x5591e5877023 <unknown>
#13 0x5591e58451aa <unknown>
#14 0x5591e589b6b8 <unknown>
#15 0x5591e589b847 <unknown>
#16 0x5591e58ab243 <unknown>
#17 0x7f06bee9698b <unknown>
#18 0x7f06bef1a9cc <unknown>

Traceback (most recent call last):
  File "/home/arth-linux/Desktop/My Code/Web_Scrapper/src/scrapers/base_scraper.py", line 150, in _setup_driver
    driver = webdriver.Chrome(service=service, options=chrome_options)
  File "/home/arth-linux/Desktop/My Code/Web_Scrapper/venv/lib/python3.13/site-packages/selenium/webdriver/chrome/webdriver.py", line 46, in __init__
    super().__init__(
    ~~~~~~~~~~~~~~~~^
        browser_name=DesiredCapabilities.CHROME["browserName"],
        ^^^^^^^^^^^^^^^^^^^^^^^^^^^^^^^^^^^^^^^^^^^^^^^^^^^^^^^
    ...<3 lines>...
        keep_alive=keep_alive,
        ^^^^^^^^^^^^^^^^^^^^^^
    )
    ^
  File "/home/arth-linux/Desktop/My Code/Web_Scrapper/venv/lib/python3.13/site-packages/selenium/webdriver/chromium/webdriver.py", line 67, in __init__
    super().__init__(command_executor=executor, options=options)
    ~~~~~~~~~~~~~~~~^^^^^^^^^^^^^^^^^^^^^^^^^^^^^^^^^^^^^^^^^^^^
  File "/home/arth-linux/Desktop/My Code/Web_Scrapper/venv/lib/python3.13/site-packages/selenium/webdriver/remote/webdriver.py", line 257, in __init__
    self.start_session(capabilities)
    ~~~~~~~~~~~~~~~~~~^^^^^^^^^^^^^^
  File "/home/arth-linux/Desktop/My Code/Web_Scrapper/venv/lib/python3.13/site-packages/selenium/webdriver/remote/webdriver.py", line 352, in start_session
    response = self.execute(Command.NEW_SESSION, caps)["value"]
               ~~~~~~~~~~~~^^^^^^^^^^^^^^^^^^^^^^^^^^^
  File "/home/arth-linux/Desktop/My Code/Web_Scrapper/venv/lib/python3.13/site-packages/selenium/webdriver/remote/webdriver.py", line 432, in execute
    self.error_handler.check_response(response)
    ~~~~~~~~~~~~~~~~~~~~~~~~~~~~~~~~~^^^^^^^^^^
  File "/home/arth-linux/Desktop/My Code/Web_Scrapper/venv/lib/python3.13/site-packages/selenium/webdriver/remote/errorhandler.py", line 232, in check_response
    raise exception_class(message, screen, stacktrace)
selenium.common.exceptions.WebDriverException: Message: unknown error: cannot find Chrome binary
Stacktrace:
#0 0x5591e58b24e3 <unknown>
#1 0x5591e55e1c76 <unknown>
#2 0x5591e5608757 <unknown>
#3 0x5591e5607029 <unknown>
#4 0x5591e5645ccc <unknown>
#5 0x5591e564547f <unknown>
#6 0x5591e563cde3 <unknown>
#7 0x5591e56122dd <unknown>
#8 0x5591e561334e <unknown>
#9 0x5591e58723e4 <unknown>
#10 0x5591e58763d7 <unknown>
#11 0x5591e5880b20 <unknown>
#12 0x5591e5877023 <unknown>
#13 0x5591e58451aa <unknown>
#14 0x5591e589b6b8 <unknown>
#15 0x5591e589b847 <unknown>
#16 0x5591e58ab243 <unknown>
#17 0x7f06bee9698b <unknown>
#18 0x7f06bef1a9cc <unknown>


The above exception was the direct cause of the following exception:

Traceback (most recent call last):
  File "/home/arth-linux/Desktop/My Code/Web_Scrapper/src/scrapers/base_scraper.py", line 208, in fetch_page
    self.driver = self._setup_driver()
                  ~~~~~~~~~~~~~~~~~~^^
  File "/home/arth-linux/Desktop/My Code/Web_Scrapper/src/scrapers/base_scraper.py", line 163, in _setup_driver
    raise WebDriverException(f"WebDriver setup failed: {e}") from e
selenium.common.exceptions.WebDriverException: Message: WebDriver setup failed: Message: unknown error: cannot find Chrome binary
Stacktrace:
#0 0x5591e58b24e3 <unknown>
#1 0x5591e55e1c76 <unknown>
#2 0x5591e5608757 <unknown>
#3 0x5591e5607029 <unknown>
#4 0x5591e5645ccc <unknown>
#5 0x5591e564547f <unknown>
#6 0x5591e563cde3 <unknown>
#7 0x5591e56122dd <unknown>
#8 0x5591e561334e <unknown>
#9 0x5591e58723e4 <unknown>
#10 0x5591e58763d7 <unknown>
#11 0x5591e5880b20 <unknown>
#12 0x5591e5877023 <unknown>
#13 0x5591e58451aa <unknown>
#14 0x5591e589b6b8 <unknown>
#15 0x5591e589b847 <unknown>
#16 0x5591e58ab243 <unknown>
#17 0x7f06bee9698b <unknown>
#18 0x7f06bef1a9cc <unknown>


2025-12-28 05:49:19 - web_scraper - ERROR - Unexpected error during scraping: Message: WebDriver setup failed: Message: unknown error: cannot find Chrome binary
Stacktrace:
#0 0x5591e58b24e3 <unknown>
#1 0x5591e55e1c76 <unknown>
#2 0x5591e5608757 <unknown>
#3 0x5591e5607029 <unknown>
#4 0x5591e5645ccc <unknown>
#5 0x5591e564547f <unknown>
#6 0x5591e563cde3 <unknown>
#7 0x5591e56122dd <unknown>
#8 0x5591e561334e <unknown>
#9 0x5591e58723e4 <unknown>
#10 0x5591e58763d7 <unknown>
#11 0x5591e5880b20 <unknown>
#12 0x5591e5877023 <unknown>
#13 0x5591e58451aa <unknown>
#14 0x5591e589b6b8 <unknown>
#15 0x5591e589b847 <unknown>
#16 0x5591e58ab243 <unknown>
#17 0x7f06bee9698b <unknown>
#18 0x7f06bef1a9cc <unknown>

Traceback (most recent call last):
  File "/home/arth-linux/Desktop/My Code/Web_Scrapper/src/scrapers/base_scraper.py", line 150, in _setup_driver
    driver = webdriver.Chrome(service=service, options=chrome_options)
  File "/home/arth-linux/Desktop/My Code/Web_Scrapper/venv/lib/python3.13/site-packages/selenium/webdriver/chrome/webdriver.py", line 46, in __init__
    super().__init__(
    ~~~~~~~~~~~~~~~~^
        browser_name=DesiredCapabilities.CHROME["browserName"],
        ^^^^^^^^^^^^^^^^^^^^^^^^^^^^^^^^^^^^^^^^^^^^^^^^^^^^^^^
    ...<3 lines>...
        keep_alive=keep_alive,
        ^^^^^^^^^^^^^^^^^^^^^^
    )
    ^
  File "/home/arth-linux/Desktop/My Code/Web_Scrapper/venv/lib/python3.13/site-packages/selenium/webdriver/chromium/webdriver.py", line 67, in __init__
    super().__init__(command_executor=executor, options=options)
    ~~~~~~~~~~~~~~~~^^^^^^^^^^^^^^^^^^^^^^^^^^^^^^^^^^^^^^^^^^^^
  File "/home/arth-linux/Desktop/My Code/Web_Scrapper/venv/lib/python3.13/site-packages/selenium/webdriver/remote/webdriver.py", line 257, in __init__
    self.start_session(capabilities)
    ~~~~~~~~~~~~~~~~~~^^^^^^^^^^^^^^
  File "/home/arth-linux/Desktop/My Code/Web_Scrapper/venv/lib/python3.13/site-packages/selenium/webdriver/remote/webdriver.py", line 352, in start_session
    response = self.execute(Command.NEW_SESSION, caps)["value"]
               ~~~~~~~~~~~~^^^^^^^^^^^^^^^^^^^^^^^^^^^
  File "/home/arth-linux/Desktop/My Code/Web_Scrapper/venv/lib/python3.13/site-packages/selenium/webdriver/remote/webdriver.py", line 432, in execute
    self.error_handler.check_response(response)
    ~~~~~~~~~~~~~~~~~~~~~~~~~~~~~~~~~^^^^^^^^^^
  File "/home/arth-linux/Desktop/My Code/Web_Scrapper/venv/lib/python3.13/site-packages/selenium/webdriver/remote/errorhandler.py", line 232, in check_response
    raise exception_class(message, screen, stacktrace)
selenium.common.exceptions.WebDriverException: Message: unknown error: cannot find Chrome binary
Stacktrace:
#0 0x5591e58b24e3 <unknown>
#1 0x5591e55e1c76 <unknown>
#2 0x5591e5608757 <unknown>
#3 0x5591e5607029 <unknown>
#4 0x5591e5645ccc <unknown>
#5 0x5591e564547f <unknown>
#6 0x5591e563cde3 <unknown>
#7 0x5591e56122dd <unknown>
#8 0x5591e561334e <unknown>
#9 0x5591e58723e4 <unknown>
#10 0x5591e58763d7 <unknown>
#11 0x5591e5880b20 <unknown>
#12 0x5591e5877023 <unknown>
#13 0x5591e58451aa <unknown>
#14 0x5591e589b6b8 <unknown>
#15 0x5591e589b847 <unknown>
#16 0x5591e58ab243 <unknown>
#17 0x7f06bee9698b <unknown>
#18 0x7f06bef1a9cc <unknown>


The above exception was the direct cause of the following exception:

Traceback (most recent call last):
  File "/home/arth-linux/Desktop/My Code/Web_Scrapper/src/scrapers/base_scraper.py", line 539, in scrape
    html = self.fetch_page(search_url, use_selenium=True)
  File "/home/arth-linux/Desktop/My Code/Web_Scrapper/src/scrapers/base_scraper.py", line 208, in fetch_page
    self.driver = self._setup_driver()
                  ~~~~~~~~~~~~~~~~~~^^
  File "/home/arth-linux/Desktop/My Code/Web_Scrapper/src/scrapers/base_scraper.py", line 163, in _setup_driver
    raise WebDriverException(f"WebDriver setup failed: {e}") from e
selenium.common.exceptions.WebDriverException: Message: WebDriver setup failed: Message: unknown error: cannot find Chrome binary
Stacktrace:
#0 0x5591e58b24e3 <unknown>
#1 0x5591e55e1c76 <unknown>
#2 0x5591e5608757 <unknown>
#3 0x5591e5607029 <unknown>
#4 0x5591e5645ccc <unknown>
#5 0x5591e564547f <unknown>
#6 0x5591e563cde3 <unknown>
#7 0x5591e56122dd <unknown>
#8 0x5591e561334e <unknown>
#9 0x5591e58723e4 <unknown>
#10 0x5591e58763d7 <unknown>
#11 0x5591e5880b20 <unknown>
#12 0x5591e5877023 <unknown>
#13 0x5591e58451aa <unknown>
#14 0x5591e589b6b8 <unknown>
#15 0x5591e589b847 <unknown>
#16 0x5591e58ab243 <unknown>
#17 0x7f06bee9698b <unknown>
#18 0x7f06bef1a9cc <unknown>


2025-12-28 05:49:19 - web_scraper - WARNING - Amazon scraping returned no products
2025-12-28 05:49:19 - web_scraper - INFO - Initialized scraper with query: 'HP Pavilion laptop', max_results: 10
2025-12-28 05:49:19 - web_scraper - INFO - Initialized FlipkartScraper for query: 'HP Pavilion laptop'
2025-12-28 05:49:19 - web_scraper - INFO - ============================================================
2025-12-28 05:49:19 - web_scraper - INFO - Starting Flipkart scrape for query: 'HP Pavilion laptop'
2025-12-28 05:49:19 - web_scraper - INFO - Maximum results: 10
2025-12-28 05:49:19 - web_scraper - INFO - ============================================================
2025-12-28 05:49:19 - web_scraper - DEBUG - Built search URL: https://www.flipkart.com/search?q=HP+Pavilion+laptop
2025-12-28 05:49:19 - web_scraper - INFO - Search URL: https://www.flipkart.com/search?q=HP+Pavilion+laptop
2025-12-28 05:49:19 - web_scraper - INFO - Using webdriver-manager for ChromeDriver
2025-12-28 05:49:20 - web_scraper - ERROR - Failed to setup Selenium WebDriver: Message: unknown error: cannot find Chrome binary
Stacktrace:
#0 0x5605782d84e3 <unknown>
#1 0x560578007c76 <unknown>
#2 0x56057802e757 <unknown>
#3 0x56057802d029 <unknown>
#4 0x56057806bccc <unknown>
#5 0x56057806b47f <unknown>
#6 0x560578062de3 <unknown>
#7 0x5605780382dd <unknown>
#8 0x56057803934e <unknown>
#9 0x5605782983e4 <unknown>
#10 0x56057829c3d7 <unknown>
#11 0x5605782a6b20 <unknown>
#12 0x56057829d023 <unknown>
#13 0x56057826b1aa <unknown>
#14 0x5605782c16b8 <unknown>
#15 0x5605782c1847 <unknown>
#16 0x5605782d1243 <unknown>
#17 0x7f735709698b <unknown>
#18 0x7f735711a9cc <unknown>
Traceback (most recent call last):
  File "/home/arth-linux/Desktop/My Code/Web_Scrapper/src/scrapers/flipkart_scraper.py", line 121, in _setup_selenium_driver
    driver = webdriver.Chrome(service=service, options=chrome_options)
  File "/home/arth-linux/Desktop/My Code/Web_Scrapper/venv/lib/python3.13/site-packages/selenium/webdriver/chrome/webdriver.py", line 46, in __init__
    super().__init__(
    ~~~~~~~~~~~~~~~~^
        browser_name=DesiredCapabilities.CHROME["browserName"],
        ^^^^^^^^^^^^^^^^^^^^^^^^^^^^^^^^^^^^^^^^^^^^^^^^^^^^^^^
    ...<3 lines>...
        keep_alive=keep_alive,
        ^^^^^^^^^^^^^^^^^^^^^^
    )
    ^
  File "/home/arth-linux/Desktop/My Code/Web_Scrapper/venv/lib/python3.13/site-packages/selenium/webdriver/chromium/webdriver.py", line 67, in __init__
    super().__init__(command_executor=executor, options=options)
    ~~~~~~~~~~~~~~~~^^^^^^^^^^^^^^^^^^^^^^^^^^^^^^^^^^^^^^^^^^^^
  File "/home/arth-linux/Desktop/My Code/Web_Scrapper/venv/lib/python3.13/site-packages/selenium/webdriver/remote/webdriver.py", line 257, in __init__
    self.start_session(capabilities)
    ~~~~~~~~~~~~~~~~~~^^^^^^^^^^^^^^
  File "/home/arth-linux/Desktop/My Code/Web_Scrapper/venv/lib/python3.13/site-packages/selenium/webdriver/remote/webdriver.py", line 352, in start_session
    response = self.execute(Command.NEW_SESSION, caps)["value"]
               ~~~~~~~~~~~~^^^^^^^^^^^^^^^^^^^^^^^^^^^
  File "/home/arth-linux/Desktop/My Code/Web_Scrapper/venv/lib/python3.13/site-packages/selenium/webdriver/remote/webdriver.py", line 432, in execute
    self.error_handler.check_response(response)
    ~~~~~~~~~~~~~~~~~~~~~~~~~~~~~~~~~^^^^^^^^^^
  File "/home/arth-linux/Desktop/My Code/Web_Scrapper/venv/lib/python3.13/site-packages/selenium/webdriver/remote/errorhandler.py", line 232, in check_response
    raise exception_class(message, screen, stacktrace)
selenium.common.exceptions.WebDriverException: Message: unknown error: cannot find Chrome binary
Stacktrace:
#0 0x5605782d84e3 <unknown>
#1 0x560578007c76 <unknown>
#2 0x56057802e757 <unknown>
#3 0x56057802d029 <unknown>
#4 0x56057806bccc <unknown>
#5 0x56057806b47f <unknown>
#6 0x560578062de3 <unknown>
#7 0x5605780382dd <unknown>
#8 0x56057803934e <unknown>
#9 0x5605782983e4 <unknown>
#10 0x56057829c3d7 <unknown>
#11 0x5605782a6b20 <unknown>
#12 0x56057829d023 <unknown>
#13 0x56057826b1aa <unknown>
#14 0x5605782c16b8 <unknown>
#15 0x5605782c1847 <unknown>
#16 0x5605782d1243 <unknown>
#17 0x7f735709698b <unknown>
#18 0x7f735711a9cc <unknown>

2025-12-28 05:49:20 - web_scraper - ERROR - Unexpected error during scraping: Message: unknown error: cannot find Chrome binary
Stacktrace:
#0 0x5605782d84e3 <unknown>
#1 0x560578007c76 <unknown>
#2 0x56057802e757 <unknown>
#3 0x56057802d029 <unknown>
#4 0x56057806bccc <unknown>
#5 0x56057806b47f <unknown>
#6 0x560578062de3 <unknown>
#7 0x5605780382dd <unknown>
#8 0x56057803934e <unknown>
#9 0x5605782983e4 <unknown>
#10 0x56057829c3d7 <unknown>
#11 0x5605782a6b20 <unknown>
#12 0x56057829d023 <unknown>
#13 0x56057826b1aa <unknown>
#14 0x5605782c16b8 <unknown>
#15 0x5605782c1847 <unknown>
#16 0x5605782d1243 <unknown>
#17 0x7f735709698b <unknown>
#18 0x7f735711a9cc <unknown>
Traceback (most recent call last):
  File "/home/arth-linux/Desktop/My Code/Web_Scrapper/src/scrapers/flipkart_scraper.py", line 307, in scrape
    driver = self._setup_selenium_driver()
  File "/home/arth-linux/Desktop/My Code/Web_Scrapper/src/scrapers/flipkart_scraper.py", line 121, in _setup_selenium_driver
    driver = webdriver.Chrome(service=service, options=chrome_options)
  File "/home/arth-linux/Desktop/My Code/Web_Scrapper/venv/lib/python3.13/site-packages/selenium/webdriver/chrome/webdriver.py", line 46, in __init__
    super().__init__(
    ~~~~~~~~~~~~~~~~^
        browser_name=DesiredCapabilities.CHROME["browserName"],
        ^^^^^^^^^^^^^^^^^^^^^^^^^^^^^^^^^^^^^^^^^^^^^^^^^^^^^^^
    ...<3 lines>...
        keep_alive=keep_alive,
        ^^^^^^^^^^^^^^^^^^^^^^
    )
    ^
  File "/home/arth-linux/Desktop/My Code/Web_Scrapper/venv/lib/python3.13/site-packages/selenium/webdriver/chromium/webdriver.py", line 67, in __init__
    super().__init__(command_executor=executor, options=options)
    ~~~~~~~~~~~~~~~~^^^^^^^^^^^^^^^^^^^^^^^^^^^^^^^^^^^^^^^^^^^^
  File "/home/arth-linux/Desktop/My Code/Web_Scrapper/venv/lib/python3.13/site-packages/selenium/webdriver/remote/webdriver.py", line 257, in __init__
    self.start_session(capabilities)
    ~~~~~~~~~~~~~~~~~~^^^^^^^^^^^^^^
  File "/home/arth-linux/Desktop/My Code/Web_Scrapper/venv/lib/python3.13/site-packages/selenium/webdriver/remote/webdriver.py", line 352, in start_session
    response = self.execute(Command.NEW_SESSION, caps)["value"]
               ~~~~~~~~~~~~^^^^^^^^^^^^^^^^^^^^^^^^^^^
  File "/home/arth-linux/Desktop/My Code/Web_Scrapper/venv/lib/python3.13/site-packages/selenium/webdriver/remote/webdriver.py", line 432, in execute
    self.error_handler.check_response(response)
    ~~~~~~~~~~~~~~~~~~~~~~~~~~~~~~~~~^^^^^^^^^^
  File "/home/arth-linux/Desktop/My Code/Web_Scrapper/venv/lib/python3.13/site-packages/selenium/webdriver/remote/errorhandler.py", line 232, in check_response
    raise exception_class(message, screen, stacktrace)
selenium.common.exceptions.WebDriverException: Message: unknown error: cannot find Chrome binary
Stacktrace:
#0 0x5605782d84e3 <unknown>
#1 0x560578007c76 <unknown>
#2 0x56057802e757 <unknown>
#3 0x56057802d029 <unknown>
#4 0x56057806bccc <unknown>
#5 0x56057806b47f <unknown>
#6 0x560578062de3 <unknown>
#7 0x5605780382dd <unknown>
#8 0x56057803934e <unknown>
#9 0x5605782983e4 <unknown>
#10 0x56057829c3d7 <unknown>
#11 0x5605782a6b20 <unknown>
#12 0x56057829d023 <unknown>
#13 0x56057826b1aa <unknown>
#14 0x5605782c16b8 <unknown>
#15 0x5605782c1847 <unknown>
#16 0x5605782d1243 <unknown>
#17 0x7f735709698b <unknown>
#18 0x7f735711a9cc <unknown>

2025-12-28 05:49:20 - web_scraper - WARNING - Flipkart scraping returned no products
2025-12-28 05:49:20 - web_scraper - INFO - Scraping completed in 13.4s
2025-12-28 05:49:20 - web_scraper - WARNING - No products found from any source
2025-12-28 05:49:20 - web_scraper - ERROR - No valid data to process
2025-12-28 05:49:30 - web_scraper - INFO - ProductMatcher initialized with threshold: 0.75
2025-12-28 05:49:30 - web_scraper - INFO - ComparisonEngine initialized
2025-12-28 05:49:30 - web_scraper - INFO - Matched 8 products into 4 groups
2025-12-28 05:49:30 - web_scraper - INFO - Created 3 product comparisons
2025-12-28 05:49:30 - web_scraper - INFO - DataProcessor initialized
2025-12-28 05:49:30 - web_scraper - INFO - ✓ Price statistics calculated successfully
2025-12-28 05:49:30 - web_scraper - DEBUG - Applied Excel formatting
2025-12-28 05:49:30 - web_scraper - INFO - ✓ Successfully exported 11 products to data/output/excel/data/output/excel/price_comparison_demo_20251228_054930.xlsx
2025-12-28 05:49:31 - web_scraper - INFO - ✓ Same-product comparison chart saved to data/output/images/same_product_comparison_20251228_054930.png
2025-12-28 05:49:31 - web_scraper - INFO - Visualizer initialized with output directory: data/output/images
2025-12-28 05:49:32 - web_scraper - INFO - ✓ Price comparison chart saved to data/output/images/price_comparison_20251228_054932.png
